<?xml version="1.0" encoding="UTF-8"?>
<coverage generated="1755873928727" clover="3.2.0">
  <project timestamp="1755873928728" name="All files">
    <metrics statements="28" coveredstatements="27" conditionals="14" coveredconditionals="12" methods="15" coveredmethods="14" elements="57" coveredelements="53" complexity="0" loc="28" ncloc="28" packages="2" files="3" classes="3"/>
    <package name="src">
      <metrics statements="1" coveredstatements="0" conditionals="0" coveredconditionals="0" methods="1" coveredmethods="0"/>
      <file name="App.jsx" path="C:\Users\Chaos_\front_end_learning\anon-ecomme\alx-fe-reactjs\react-todo\src\App.jsx">
        <metrics statements="1" coveredstatements="0" conditionals="0" coveredconditionals="0" methods="1" coveredmethods="0"/>
        <line num="6" count="0" type="stmt"/>
      </file>
    </package>
    <package name="src.components">
      <metrics statements="27" coveredstatements="27" conditionals="14" coveredconditionals="12" methods="14" coveredmethods="14"/>
      <file name="AddTodoForm.jsx" path="C:\Users\Chaos_\front_end_learning\anon-ecomme\alx-fe-reactjs\react-todo\src\components\AddTodoForm.jsx">
        <metrics statements="10" coveredstatements="10" conditionals="2" coveredconditionals="1" methods="3" coveredmethods="3"/>
        <line num="3" count="3" type="stmt"/>
        <line num="4" count="226" type="stmt"/>
        <line num="6" count="226" type="stmt"/>
        <line num="7" count="11" type="stmt"/>
        <line num="9" count="11" type="cond" truecount="1" falsecount="1"/>
        <line num="10" count="11" type="stmt"/>
        <line num="11" count="11" type="stmt"/>
        <line num="15" count="226" type="stmt"/>
        <line num="16" count="158" type="stmt"/>
        <line num="19" count="226" type="stmt"/>
      </file>
      <file name="TodoList.jsx" path="C:\Users\Chaos_\front_end_learning\anon-ecomme\alx-fe-reactjs\react-todo\src\components\TodoList.jsx">
        <metrics statements="17" coveredstatements="17" conditionals="12" coveredconditionals="11" methods="11" coveredmethods="11"/>
        <line num="4" count="2" type="stmt"/>
        <line num="6" count="54" type="stmt"/>
        <line num="14" count="54" type="stmt"/>
        <line num="15" count="8" type="cond" truecount="1" falsecount="1"/>
        <line num="16" count="8" type="stmt"/>
        <line num="21" count="8" type="stmt"/>
        <line num="26" count="54" type="stmt"/>
        <line num="27" count="5" type="stmt"/>
        <line num="28" count="21" type="cond" truecount="2" falsecount="0"/>
        <line num="33" count="54" type="stmt"/>
        <line num="34" count="41" type="stmt"/>
        <line num="37" count="54" type="stmt"/>
        <line num="51" count="204" type="cond" truecount="2" falsecount="0"/>
        <line num="55" count="5" type="stmt"/>
        <line num="67" count="13" type="stmt"/>
        <line num="82" count="204" type="stmt"/>
        <line num="83" count="204" type="stmt"/>
      </file>
    </package>
  </project>
</coverage>
