{"C:\\Users\\Chaos_\\front_end_learning\\anon-ecomme\\alx-fe-reactjs\\react-todo\\src\\App.jsx": {"path":"C:\\Users\\Chaos_\\front_end_learning\\anon-ecomme\\alx-fe-reactjs\\react-todo\\src\\App.jsx","statementMap":{"0":{"start":{"line":6,"column":2},"end":{"line":10,"column":3}}},"fnMap":{"0":{"name":"App","decl":{"start":{"line":4,"column":9},"end":{"line":4,"column":12}},"loc":{"start":{"line":4,"column":15},"end":{"line":11,"column":1}},"line":4}},"branchMap":{},"s":{"0":0},"f":{"0":0},"b":{}}
,"C:\\Users\\Chaos_\\front_end_learning\\anon-ecomme\\alx-fe-reactjs\\react-todo\\src\\components\\AddTodoForm.jsx": {"path":"C:\\Users\\Chaos_\\front_end_learning\\anon-ecomme\\alx-fe-reactjs\\react-todo\\src\\components\\AddTodoForm.jsx","statementMap":{"0":{"start":{"line":3,"column":20},"end":{"line":40,"column":1}},"1":{"start":{"line":4,"column":38},"end":{"line":4,"column":50}},"2":{"start":{"line":6,"column":23},"end":{"line":13,"column":3}},"3":{"start":{"line":7,"column":4},"end":{"line":7,"column":23}},"4":{"start":{"line":9,"column":4},"end":{"line":12,"column":5}},"5":{"start":{"line":10,"column":6},"end":{"line":10,"column":28}},"6":{"start":{"line":11,"column":6},"end":{"line":11,"column":24}},"7":{"start":{"line":15,"column":28},"end":{"line":17,"column":3}},"8":{"start":{"line":16,"column":4},"end":{"line":16,"column":34}},"9":{"start":{"line":19,"column":2},"end":{"line":39,"column":4}}},"fnMap":{"0":{"name":"(anonymous_0)","decl":{"start":{"line":3,"column":20},"end":{"line":3,"column":21}},"loc":{"start":{"line":3,"column":39},"end":{"line":40,"column":1}},"line":3},"1":{"name":"(anonymous_1)","decl":{"start":{"line":6,"column":23},"end":{"line":6,"column":24}},"loc":{"start":{"line":6,"column":30},"end":{"line":13,"column":3}},"line":6},"2":{"name":"(anonymous_2)","decl":{"start":{"line":15,"column":28},"end":{"line":15,"column":29}},"loc":{"start":{"line":15,"column":35},"end":{"line":17,"column":3}},"line":15}},"branchMap":{"0":{"loc":{"start":{"line":9,"column":4},"end":{"line":12,"column":5}},"type":"if","locations":[{"start":{"line":9,"column":4},"end":{"line":12,"column":5}},{"start":{},"end":{}}],"line":9}},"s":{"0":3,"1":226,"2":226,"3":11,"4":11,"5":11,"6":11,"7":226,"8":158,"9":226},"f":{"0":226,"1":11,"2":158},"b":{"0":[11,0]},"_coverageSchema":"1a1c01bbd47fc00a2c39e90264f33305004495a9","hash":"5b22a891a02db8ce5d6fff8f06df81f24bca1fbe"}
,"C:\\Users\\Chaos_\\front_end_learning\\anon-ecomme\\alx-fe-reactjs\\react-todo\\src\\components\\TodoList.jsx": {"path":"C:\\Users\\Chaos_\\front_end_learning\\anon-ecomme\\alx-fe-reactjs\\react-todo\\src\\components\\TodoList.jsx","statementMap":{"0":{"start":{"line":4,"column":17},"end":{"line":88,"column":1}},"1":{"start":{"line":6,"column":28},"end":{"line":11,"column":4}},"2":{"start":{"line":14,"column":18},"end":{"line":23,"column":3}},"3":{"start":{"line":15,"column":4},"end":{"line":22,"column":5}},"4":{"start":{"line":16,"column":22},"end":{"line":20,"column":7}},"5":{"start":{"line":21,"column":6},"end":{"line":21,"column":36}},"6":{"start":{"line":26,"column":21},"end":{"line":30,"column":3}},"7":{"start":{"line":27,"column":4},"end":{"line":29,"column":7}},"8":{"start":{"line":28,"column":6},"end":{"line":28,"column":69}},"9":{"start":{"line":33,"column":21},"end":{"line":35,"column":3}},"10":{"start":{"line":34,"column":4},"end":{"line":34,"column":51}},"11":{"start":{"line":34,"column":34},"end":{"line":34,"column":48}},"12":{"start":{"line":37,"column":2},"end":{"line":87,"column":4}},"13":{"start":{"line":51,"column":14},"end":{"line":72,"column":19}},"14":{"start":{"line":55,"column":33},"end":{"line":55,"column":52}},"15":{"start":{"line":67,"column":33},"end":{"line":67,"column":52}},"16":{"start":{"line":82,"column":43},"end":{"line":82,"column":57}},"17":{"start":{"line":83,"column":43},"end":{"line":83,"column":58}}},"fnMap":{"0":{"name":"(anonymous_0)","decl":{"start":{"line":4,"column":17},"end":{"line":4,"column":18}},"loc":{"start":{"line":4,"column":23},"end":{"line":88,"column":1}},"line":4},"1":{"name":"(anonymous_1)","decl":{"start":{"line":14,"column":18},"end":{"line":14,"column":19}},"loc":{"start":{"line":14,"column":28},"end":{"line":23,"column":3}},"line":14},"2":{"name":"(anonymous_2)","decl":{"start":{"line":26,"column":21},"end":{"line":26,"column":22}},"loc":{"start":{"line":26,"column":29},"end":{"line":30,"column":3}},"line":26},"3":{"name":"(anonymous_3)","decl":{"start":{"line":27,"column":23},"end":{"line":27,"column":24}},"loc":{"start":{"line":28,"column":6},"end":{"line":28,"column":69}},"line":28},"4":{"name":"(anonymous_4)","decl":{"start":{"line":33,"column":21},"end":{"line":33,"column":22}},"loc":{"start":{"line":33,"column":29},"end":{"line":35,"column":3}},"line":33},"5":{"name":"(anonymous_5)","decl":{"start":{"line":34,"column":26},"end":{"line":34,"column":27}},"loc":{"start":{"line":34,"column":34},"end":{"line":34,"column":48}},"line":34},"6":{"name":"(anonymous_6)","decl":{"start":{"line":50,"column":23},"end":{"line":50,"column":24}},"loc":{"start":{"line":51,"column":14},"end":{"line":72,"column":19}},"line":51},"7":{"name":"(anonymous_7)","decl":{"start":{"line":55,"column":27},"end":{"line":55,"column":28}},"loc":{"start":{"line":55,"column":33},"end":{"line":55,"column":52}},"line":55},"8":{"name":"(anonymous_8)","decl":{"start":{"line":67,"column":27},"end":{"line":67,"column":28}},"loc":{"start":{"line":67,"column":33},"end":{"line":67,"column":52}},"line":67},"9":{"name":"(anonymous_9)","decl":{"start":{"line":82,"column":35},"end":{"line":82,"column":36}},"loc":{"start":{"line":82,"column":43},"end":{"line":82,"column":57}},"line":82},"10":{"name":"(anonymous_10)","decl":{"start":{"line":83,"column":35},"end":{"line":83,"column":36}},"loc":{"start":{"line":83,"column":43},"end":{"line":83,"column":58}},"line":83}},"branchMap":{"0":{"loc":{"start":{"line":15,"column":4},"end":{"line":22,"column":5}},"type":"if","locations":[{"start":{"line":15,"column":4},"end":{"line":22,"column":5}},{"start":{},"end":{}}],"line":15},"1":{"loc":{"start":{"line":28,"column":6},"end":{"line":28,"column":69}},"type":"cond-expr","locations":[{"start":{"line":28,"column":23},"end":{"line":28,"column":62}},{"start":{"line":28,"column":65},"end":{"line":28,"column":69}}],"line":28},"2":{"loc":{"start":{"line":46,"column":9},"end":{"line":75,"column":9}},"type":"cond-expr","locations":[{"start":{"line":47,"column":10},"end":{"line":47,"column":66}},{"start":{"line":49,"column":10},"end":{"line":74,"column":15}}],"line":46},"3":{"loc":{"start":{"line":51,"column":56},"end":{"line":51,"column":89}},"type":"cond-expr","locations":[{"start":{"line":51,"column":73},"end":{"line":51,"column":84}},{"start":{"line":51,"column":87},"end":{"line":51,"column":89}}],"line":51},"4":{"loc":{"start":{"line":57,"column":36},"end":{"line":57,"column":76}},"type":"cond-expr","locations":[{"start":{"line":57,"column":53},"end":{"line":57,"column":67}},{"start":{"line":57,"column":70},"end":{"line":57,"column":76}}],"line":57},"5":{"loc":{"start":{"line":59,"column":29},"end":{"line":59,"column":53}},"type":"cond-expr","locations":[{"start":{"line":59,"column":46},"end":{"line":59,"column":49}},{"start":{"line":59,"column":52},"end":{"line":59,"column":53}}],"line":59}},"s":{"0":2,"1":54,"2":54,"3":8,"4":8,"5":8,"6":54,"7":5,"8":21,"9":54,"10":13,"11":41,"12":54,"13":204,"14":5,"15":13,"16":204,"17":204},"f":{"0":54,"1":8,"2":5,"3":21,"4":13,"5":41,"6":204,"7":5,"8":13,"9":204,"10":204},"b":{"0":[8,0],"1":[5,16],"2":[2,52],"3":[52,152],"4":[52,152],"5":[52,152]},"_coverageSchema":"1a1c01bbd47fc00a2c39e90264f33305004495a9","hash":"a719159f13d2797743a784e91b00410079da3a7c"}
}
