TN:
SF:src\App.jsx
FN:4,App
FNF:1
FNH:0
FNDA:0,App
DA:6,0
LF:1
LH:0
BRF:0
BRH:0
end_of_record
TN:
SF:src\components\AddTodoForm.jsx
FN:3,(anonymous_0)
FN:6,(anonymous_1)
FN:15,(anonymous_2)
FNF:3
FNH:3
FNDA:226,(anonymous_0)
FNDA:11,(anonymous_1)
FNDA:158,(anonymous_2)
DA:3,3
DA:4,226
DA:6,226
DA:7,11
DA:9,11
DA:10,11
DA:11,11
DA:15,226
DA:16,158
DA:19,226
LF:10
LH:10
BRDA:9,0,0,11
BRDA:9,0,1,0
BRF:2
BRH:1
end_of_record
TN:
SF:src\components\TodoList.jsx
FN:4,(anonymous_0)
FN:14,(anonymous_1)
FN:26,(anonymous_2)
FN:27,(anonymous_3)
FN:33,(anonymous_4)
FN:34,(anonymous_5)
FN:50,(anonymous_6)
FN:55,(anonymous_7)
FN:67,(anonymous_8)
FN:82,(anonymous_9)
FN:83,(anonymous_10)
FNF:11
FNH:11
FNDA:54,(anonymous_0)
FNDA:8,(anonymous_1)
FNDA:5,(anonymous_2)
FNDA:21,(anonymous_3)
FNDA:13,(anonymous_4)
FNDA:41,(anonymous_5)
FNDA:204,(anonymous_6)
FNDA:5,(anonymous_7)
FNDA:13,(anonymous_8)
FNDA:204,(anonymous_9)
FNDA:204,(anonymous_10)
DA:4,2
DA:6,54
DA:14,54
DA:15,8
DA:16,8
DA:21,8
DA:26,54
DA:27,5
DA:28,21
DA:33,54
DA:34,41
DA:37,54
DA:51,204
DA:55,5
DA:67,13
DA:82,204
DA:83,204
LF:17
LH:17
BRDA:15,0,0,8
BRDA:15,0,1,0
BRDA:28,1,0,5
BRDA:28,1,1,16
BRDA:46,2,0,2
BRDA:46,2,1,52
BRDA:51,3,0,52
BRDA:51,3,1,152
BRDA:57,4,0,52
BRDA:57,4,1,152
BRDA:59,5,0,52
BRDA:59,5,1,152
BRF:12
BRH:11
end_of_record
